<?xml version="1.0" encoding="UTF-8"?>
<!-- Generated by org.testng.reporters.JUnitXMLReporter -->
<testsuite hostname="DESKTOP-APRU6N4" ignored="0" name="Test" tests="3" failures="1" timestamp="2020-08-25T21:00:07 IST" time="16.671" errors="0">
  <testcase name="logoPresence" time="0.264" classname="allureReports.Tests"/>
  <testcase name="loginTest" time="5.118" classname="allureReports.Tests">
    <failure type="java.lang.AssertionError" message="expected [nopCommerce demo store123] but found [nopCommerce demo store. Login]">
      <![CDATA[java.lang.AssertionError: expected [nopCommerce demo store123] but found [nopCommerce demo store. Login]
at allureReports.Tests.loginTest(Tests.java:60)
at java.util.ArrayList.forEach(ArrayList.java:1257)
... Removed 35 stack frames]]>
    </failure>
  </testcase> <!-- loginTest -->
  <testcase name="registrationTest" time="0.006" classname="allureReports.Tests">
    <skipped/>
  </testcase> <!-- registrationTest -->
</testsuite> <!-- Test -->
